Using grouping parameters: ['gene_combination', 'gene_combination_unordered']
Processing data from /labs/mwinslow/Haiqing/UltraSeq_Projects/Cas12a_3guide_example/02_data_cleaning_and_QC/data/Cas12a_TK_final_df.parquet...
Normal mode is implemented.
Focal genotype cell cutoff: 100
Reference genotype cell cutoff: 100
Focal genotype: ['KT']
Reference genotype: ['KT']
Calculating tumor size quantiles: ['50', '60', '70', '80', '90', '95', '96', '97', '98', '99']
Performing 1000 bootstrapping repeats
No sgRNA is excluded from the analysis
No sample is excluded from the analysis
There are 5 experiment mice
There are 5 control mice
Adaptive method is used for the analysis
Minimal cell cutoff: 10
Bootstrapping steps are finished
All steps finished
JobID           JobName              Submit               Start                 End      State  Partition                        ReqTRES    CPUTime     MaxRSS                       NodeList 
------------ ---------- ------------------- ------------------- ------------------- ---------- ---------- ------------------------------ ---------- ---------- ------------------------------ 
47777340     01-Bootst+ 2025-03-18T22:37:55 2025-03-18T22:37:56             Unknown    RUNNING      batch billing=1,cpu=1,mem=51200M,no+   00:23:41                cfx22885s-srcf-d11-03-east 
47777340.ba+      batch 2025-03-18T22:37:56 2025-03-18T22:37:56             Unknown    RUNNING                                             00:23:41                cfx22885s-srcf-d11-03-east 
47777340.ex+     extern 2025-03-18T22:37:56 2025-03-18T22:37:56             Unknown    RUNNING                                             00:23:41                cfx22885s-srcf-d11-03-east 
